Performing C++ SOURCE FILE Test CMAKE_HAVE_LIBC_PTHREAD failed with the following output:
Change Dir: /home/CSE560/amandeep18014/samples/Assgn01/build_dir/CMakeFiles/CMakeTmp

Run Build Command(s):/usr/bin/make cmTC_4d024/fast && /usr/bin/make  -f CMakeFiles/cmTC_4d024.dir/build.make CMakeFiles/cmTC_4d024.dir/build
make[1]: Entering directory '/home/CSE560/amandeep18014/samples/Assgn01/build_dir/CMakeFiles/CMakeTmp'
Building CXX object CMakeFiles/cmTC_4d024.dir/src.cxx.o
/usr/bin/c++ -DCMAKE_HAVE_LIBC_PTHREAD   -o CMakeFiles/cmTC_4d024.dir/src.cxx.o -c /home/CSE560/amandeep18014/samples/Assgn01/build_dir/CMakeFiles/CMakeTmp/src.cxx
Linking CXX executable cmTC_4d024
/usr/local/cmake-3.19.3-Linux-x86_64/bin/cmake -E cmake_link_script CMakeFiles/cmTC_4d024.dir/link.txt --verbose=1
/usr/bin/c++ CMakeFiles/cmTC_4d024.dir/src.cxx.o -o cmTC_4d024 
CMakeFiles/cmTC_4d024.dir/src.cxx.o: In function `main':
src.cxx:(.text+0x3e): undefined reference to `pthread_create'
src.cxx:(.text+0x4a): undefined reference to `pthread_detach'
src.cxx:(.text+0x56): undefined reference to `pthread_cancel'
src.cxx:(.text+0x67): undefined reference to `pthread_join'
src.cxx:(.text+0x7b): undefined reference to `pthread_atfork'
collect2: error: ld returned 1 exit status
CMakeFiles/cmTC_4d024.dir/build.make:105: recipe for target 'cmTC_4d024' failed
make[1]: *** [cmTC_4d024] Error 1
make[1]: Leaving directory '/home/CSE560/amandeep18014/samples/Assgn01/build_dir/CMakeFiles/CMakeTmp'
Makefile:140: recipe for target 'cmTC_4d024/fast' failed
make: *** [cmTC_4d024/fast] Error 2


Source file was:
#include <pthread.h>

static void* test_func(void* data)
{
  return data;
}

int main(void)
{
  pthread_t thread;
  pthread_create(&thread, NULL, test_func, NULL);
  pthread_detach(thread);
  pthread_cancel(thread);
  pthread_join(thread, NULL);
  pthread_atfork(NULL, NULL, NULL);
  pthread_exit(NULL);

  return 0;
}

Determining if the function pthread_create exists in the pthreads failed with the following output:
Change Dir: /home/CSE560/amandeep18014/samples/Assgn01/build_dir/CMakeFiles/CMakeTmp

Run Build Command(s):/usr/bin/make cmTC_2e9df/fast && /usr/bin/make  -f CMakeFiles/cmTC_2e9df.dir/build.make CMakeFiles/cmTC_2e9df.dir/build
make[1]: Entering directory '/home/CSE560/amandeep18014/samples/Assgn01/build_dir/CMakeFiles/CMakeTmp'
Building CXX object CMakeFiles/cmTC_2e9df.dir/CheckFunctionExists.cxx.o
/usr/bin/c++   -DCHECK_FUNCTION_EXISTS=pthread_create -o CMakeFiles/cmTC_2e9df.dir/CheckFunctionExists.cxx.o -c /home/CSE560/amandeep18014/samples/Assgn01/build_dir/CMakeFiles/CheckLibraryExists/CheckFunctionExists.cxx
Linking CXX executable cmTC_2e9df
/usr/local/cmake-3.19.3-Linux-x86_64/bin/cmake -E cmake_link_script CMakeFiles/cmTC_2e9df.dir/link.txt --verbose=1
/usr/bin/c++  -DCHECK_FUNCTION_EXISTS=pthread_create CMakeFiles/cmTC_2e9df.dir/CheckFunctionExists.cxx.o -o cmTC_2e9df  -lpthreads 
/usr/bin/ld: cannot find -lpthreads
collect2: error: ld returned 1 exit status
CMakeFiles/cmTC_2e9df.dir/build.make:105: recipe for target 'cmTC_2e9df' failed
make[1]: *** [cmTC_2e9df] Error 1
make[1]: Leaving directory '/home/CSE560/amandeep18014/samples/Assgn01/build_dir/CMakeFiles/CMakeTmp'
Makefile:140: recipe for target 'cmTC_2e9df/fast' failed
make: *** [cmTC_2e9df/fast] Error 2



